0 info it worked if it ends with ok
1 verbose cli [ 'C:\\Program Files\\nodejs\\node.exe',
1 verbose cli   'C:\\Program Files\\nodejs\\node_modules\\npm\\bin\\npm-cli.js',
1 verbose cli   'start' ]
2 info using npm@3.10.10
3 info using node@v6.11.5
4 verbose run-script [ 'prestart', 'start', 'poststart' ]
5 info lifecycle esteban@0.0.0~prestart: esteban@0.0.0
6 silly lifecycle esteban@0.0.0~prestart: no script for prestart, continuing
7 info lifecycle esteban@0.0.0~start: esteban@0.0.0
8 verbose lifecycle esteban@0.0.0~start: unsafe-perm in lifecycle true
9 verbose lifecycle esteban@0.0.0~start: PATH: C:\Program Files\nodejs\node_modules\npm\bin\node-gyp-bin;D:\nodeJS\esteban_sqlite\node_modules\.bin;C:\ProgramData\Oracle\Java\javapath;C:\Program Files (x86)\Intel\iCLS Client\;C:\Program Files\Intel\iCLS Client\;C:\Windows\system32;C:\Windows;C:\Windows\System32\Wbem;C:\Windows\System32\WindowsPowerShell\v1.0\;C:\Program Files\Intel\Intel(R) Management Engine Components\DAL;C:\Program Files\Intel\Intel(R) Management Engine Components\IPT;C:\Program Files (x86)\Intel\Intel(R) Management Engine Components\DAL;C:\Program Files (x86)\Intel\Intel(R) Management Engine Components\IPT;C:\Java\jdk1.7.0_67\bin;C:\sqlite3;C:\Program Files (x86)\NVIDIA Corporation\PhysX\Common;C:\Program Files\nodejs\;C:\Program Files\Git\cmd;C:\Program Files\TortoiseGit\bin;C:\Program Files (x86)\IDM Computer Solutions\UltraEdit-32;C:\Users\cpr269\AppData\Roaming\npm;C:\Users\cpr269\AppData\Local\atom\bin;C:\Program Files\Boot2Docker for Windows;C:\Program Files\Git\usr\bin;C:\Users\cpr269\AppData\Local\Programs\Fiddler;C:\Users\cpr269\AppData\Local\GitHubDesktop\bin
10 verbose lifecycle esteban@0.0.0~start: CWD: D:\nodeJS\esteban_sqlite
11 silly lifecycle esteban@0.0.0~start: Args: [ '/d /s /c', 'node ./bin/www' ]
12 silly lifecycle esteban@0.0.0~start: Returned: code: 3221225786  signal: null
13 info lifecycle esteban@0.0.0~start: Failed to exec start script
14 verbose stack Error: esteban@0.0.0 start: `node ./bin/www`
14 verbose stack Exit status 3221225786
14 verbose stack     at EventEmitter.<anonymous> (C:\Program Files\nodejs\node_modules\npm\lib\utils\lifecycle.js:255:16)
14 verbose stack     at emitTwo (events.js:106:13)
14 verbose stack     at EventEmitter.emit (events.js:191:7)
14 verbose stack     at ChildProcess.<anonymous> (C:\Program Files\nodejs\node_modules\npm\lib\utils\spawn.js:40:14)
14 verbose stack     at emitTwo (events.js:106:13)
14 verbose stack     at ChildProcess.emit (events.js:191:7)
14 verbose stack     at maybeClose (internal/child_process.js:920:16)
14 verbose stack     at Process.ChildProcess._handle.onexit (internal/child_process.js:230:5)
15 verbose pkgid esteban@0.0.0
16 verbose cwd D:\nodeJS\esteban_sqlite
17 error Windows_NT 6.1.7601
18 error argv "C:\\Program Files\\nodejs\\node.exe" "C:\\Program Files\\nodejs\\node_modules\\npm\\bin\\npm-cli.js" "start"
19 error node v6.11.5
20 error npm  v3.10.10
21 error code ELIFECYCLE
22 error esteban@0.0.0 start: `node ./bin/www`
22 error Exit status 3221225786
23 error Failed at the esteban@0.0.0 start script 'node ./bin/www'.
23 error Make sure you have the latest version of node.js and npm installed.
23 error If you do, this is most likely a problem with the esteban package,
23 error not with npm itself.
23 error Tell the author that this fails on your system:
23 error     node ./bin/www
23 error You can get information on how to open an issue for this project with:
23 error     npm bugs esteban
23 error Or if that isn't available, you can get their info via:
23 error     npm owner ls esteban
23 error There is likely additional logging output above.
24 verbose exit [ 1, true ]
